"../../../../../Documents/unreal/running/Content/Mannequin/Character/Mesh/UE4_Mannequin_Skeleton.uasset" 0
"../../../../../Documents/unreal/running/Content/Mannequin/Animations/ThirdPersonJump_End.uasset" 1
"../../../../../Documents/unreal/running/Content/StarterContent/Materials/M_Basic_Floor.uasset" 2
"../../../../../Documents/unreal/running/Content/StarterContent/Architecture/Floor_400x400.uasset" 3
"../../../../../Documents/unreal/running/Content/StarterContent/Materials/M_Basic_Wall.uasset" 4
"../../../../../Documents/unreal/running/Content/StarterContent/Architecture/Pillar_50x500.uasset" 5
"../../../../../Documents/unreal/running/Content/StarterContent/Materials/M_AssetPlatform.uasset" 6
"../../../../../Documents/unreal/running/Content/StarterContent/Architecture/SM_AssetPlatform.uasset" 7
"../../../../../Documents/unreal/running/Content/StarterContent/Architecture/Wall_400x200.uasset" 8
"../../../../../Documents/unreal/running/Content/StarterContent/Architecture/Wall_400x300.uasset" 9
"../../../../../Documents/unreal/running/Content/StarterContent/Architecture/Wall_400x400.uasset" 10
"../../../../../Documents/unreal/running/Content/StarterContent/Architecture/Wall_500x500.uasset" 11
"../../../../../Documents/unreal/running/Content/StarterContent/Architecture/Wall_Door_400x300.uasset" 12
"../../../../../Documents/unreal/running/Content/StarterContent/Architecture/Wall_Door_400x400.uasset" 13
"../../../../../Documents/unreal/running/Content/StarterContent/Architecture/Wall_Window_400x300.uasset" 14
"../../../../../Documents/unreal/running/Content/StarterContent/Architecture/Wall_Window_400x400.uasset" 15
"../../../../../Documents/unreal/running/Content/StarterContent/Audio/Collapse01.uasset" 16
"../../../../../Documents/unreal/running/Content/StarterContent/Audio/Collapse02.uasset" 17
"../../../../../Documents/unreal/running/Content/StarterContent/Audio/Collapse_Cue.uasset" 18
"../../../../../Documents/unreal/running/Content/StarterContent/Audio/Explosion02.uasset" 19
"../../../../../Documents/unreal/running/Content/StarterContent/Audio/Fire01.uasset" 20
"../../../../../Documents/unreal/running/Content/StarterContent/Audio/Fire_Sparks01.uasset" 21
"../../../../../Documents/unreal/running/Content/StarterContent/Audio/Light01.uasset" 22
"../../../../../Documents/unreal/running/Content/StarterContent/Audio/Light01_Cue.uasset" 23
"../../../../../Documents/unreal/running/Content/StarterContent/Audio/Light02.uasset" 24
"../../../../../Documents/unreal/running/Content/StarterContent/Audio/Light02_Cue.uasset" 25
"../../../../../Documents/unreal/running/Content/StarterContent/Audio/Smoke01.uasset" 26
"../../../../../Documents/unreal/running/Content/StarterContent/Audio/Starter_Background_Cue.uasset" 27
"../../../../../Documents/unreal/running/Content/StarterContent/Audio/Starter_Birds01.uasset" 28
"../../../../../Documents/unreal/running/Content/StarterContent/Audio/Starter_Music01.uasset" 29
"../../../../../Documents/unreal/running/Content/StarterContent/Audio/Starter_Music_Cue.uasset" 30
"../../../../../Documents/unreal/running/Content/StarterContent/Audio/Starter_Wind05.uasset" 31
"../../../../../Documents/unreal/running/Content/StarterContent/Audio/Starter_Wind06.uasset" 32
"../../../../../Documents/unreal/running/Content/StarterContent/Audio/Steam01.uasset" 33
"../../../../../Documents/unreal/running/Content/StarterContent/Textures/T_Lamp_M.uasset" 34
"../../../../../Documents/unreal/running/Content/StarterContent/Textures/T_Lamp_N.uasset" 35
"../../../../../Documents/unreal/running/Content/StarterContent/Props/Materials/M_Lamp.uasset" 36
"../../../../../Documents/unreal/running/Content/StarterContent/Props/SM_Lamp_Ceiling.uasset" 37
"../../../../../Documents/unreal/running/Content/StarterContent/Blueprints/Blueprint_CeilingLight.uasset" 38
"../../../../../Documents/unreal/running/Content/StarterContent/Audio/Explosion_Cue.uasset" 39
"../../../../../Documents/unreal/running/Content/StarterContent/Textures/T_Burst_M.uasset" 40
"../../../../../Documents/unreal/running/Content/StarterContent/Particles/Materials/M_Burst.uasset" 41
"../../../../../Documents/unreal/running/Content/StarterContent/Textures/T_Explosion_SubUV.uasset" 42
"../../../../../Documents/unreal/running/Content/StarterContent/Particles/Materials/M_explosion_subUV.uasset" 43
"../../../../../Documents/unreal/running/Content/StarterContent/Particles/Materials/m_flare_01.uasset" 44
"../../../Engine/Content/Functions/Engine_MaterialFunctions01/Gradient/RadialGradient.uasset" 45
"../../../../../Documents/unreal/running/Content/StarterContent/Particles/Materials/M_radial_ramp.uasset" 46
"../../../../../Documents/unreal/running/Content/StarterContent/Textures/T_Smoke_SubUV.uasset" 47
"../../../../../Documents/unreal/running/Content/StarterContent/Textures/T_Smoke_Tiled_D.uasset" 48
"../../../../../Documents/unreal/running/Content/StarterContent/Particles/Materials/M_smoke_subUV.uasset" 49
"../../../../../Documents/unreal/running/Content/StarterContent/Particles/P_Explosion.uasset" 50
"../../../../../Documents/unreal/running/Content/StarterContent/Blueprints/Blueprint_Effect_Explosion.uasset" 51
"../../../../../Documents/unreal/running/Content/StarterContent/Audio/Fire01_Cue.uasset" 52
"../../../../../Documents/unreal/running/Content/StarterContent/Textures/T_Fire_SubUV.uasset" 53
"../../../../../Documents/unreal/running/Content/StarterContent/Textures/T_Fire_Tiled_D.uasset" 54
"../../../../../Documents/unreal/running/Content/StarterContent/Particles/Materials/M_Fire_SubUV.uasset" 55
"../../../../../Documents/unreal/running/Content/StarterContent/Textures/T_Water_N.uasset" 56
"../../../../../Documents/unreal/running/Content/StarterContent/Particles/Materials/M_Heat_Distortion.uasset" 57
"../../../../../Documents/unreal/running/Content/StarterContent/Particles/Materials/M_Radial_Gradient.uasset" 58
"../../../../../Documents/unreal/running/Content/StarterContent/Particles/P_Fire.uasset" 59
"../../../../../Documents/unreal/running/Content/StarterContent/Blueprints/Blueprint_Effect_Fire.uasset" 60
"../../../../../Documents/unreal/running/Content/StarterContent/Audio/Smoke01_Cue.uasset" 61
"../../../../../Documents/unreal/running/Content/StarterContent/Particles/P_Smoke.uasset" 62
"../../../../../Documents/unreal/running/Content/StarterContent/Blueprints/Blueprint_Effect_Smoke.uasset" 63
"../../../../../Documents/unreal/running/Content/StarterContent/Audio/Fire_Sparks01_Cue.uasset" 64
"../../../../../Documents/unreal/running/Content/StarterContent/Textures/T_Spark_Core.uasset" 65
"../../../../../Documents/unreal/running/Content/StarterContent/Particles/Materials/M_Spark.uasset" 66
"../../../../../Documents/unreal/running/Content/StarterContent/Particles/P_Sparks.uasset" 67
"../../../../../Documents/unreal/running/Content/StarterContent/Blueprints/Blueprint_Effect_Sparks.uasset" 68
"../../../../../Documents/unreal/running/Content/StarterContent/Audio/Steam01_Cue.uasset" 69
"../../../../../Documents/unreal/running/Content/StarterContent/Particles/P_Steam_Lit.uasset" 70
"../../../../../Documents/unreal/running/Content/StarterContent/Blueprints/Blueprint_Effect_Steam.uasset" 71
"../../../../../Documents/unreal/running/Content/StarterContent/Props/SM_Lamp_Wall.uasset" 72
"../../../../../Documents/unreal/running/Content/StarterContent/Blueprints/Blueprint_WallSconce.uasset" 73
"../../../../../Documents/unreal/running/Content/StarterContent/Blueprints/Assets/FogBrightnessLUT.uasset" 74
"../../../../../Documents/unreal/running/Content/StarterContent/Blueprints/Assets/SunlightColorLUT.uasset" 75
"../../../../../Documents/unreal/running/Content/StarterContent/Blueprints/Assets/M_LightStage_Arrows.uasset" 76
"../../../Engine/Content/MapTemplates/Sky/DaylightAmbientCubemap.uasset" 77
"../../../../../Documents/unreal/running/Content/StarterContent/Blueprints/Assets/M_LightStage_Skybox_Master.uasset" 78
"../../../../../Documents/unreal/running/Content/StarterContent/Blueprints/Assets/M_LightStage_Skybox_Black.uasset" 79
"../../../../../Documents/unreal/running/Content/StarterContent/Blueprints/Assets/M_LightStage_Skybox_HDRI.uasset" 80
"../../../Engine/Content/EditorMaterials/Thumbnails/SkySphereMaterial.uasset" 81
"../../../../../Documents/unreal/running/Content/StarterContent/Blueprints/Assets/Skybox.uasset" 82
"../../../Engine/Content/Functions/Engine_MaterialFunctions01/Opacity/CameraDepthFade.uasset" 83
"../../../Engine/Content/EngineMaterials/T_Default_Material_Grid_M.uasset" 84
"../../../Engine/Content/EngineMaterials/T_Default_Material_Grid_N.uasset" 85
"../../../Engine/Content/EngineMaterials/WorldGridMaterial.uasset" 86
"../../../../../Documents/unreal/running/Content/StarterContent/Blueprints/Assets/SM_Arrows.uasset" 87
"../../../../../Documents/unreal/running/Content/StarterContent/HDRI/HDRI_Epic_Courtyard_Daylight.uasset" 88
"../../../../../Documents/unreal/running/Content/StarterContent/Blueprints/BP_LightStudio.uasset" 89
"../../../../../Documents/unreal/running/Content/StarterContent/Textures/T_Brick_Clay_New_D.uasset" 90
"../../../../../Documents/unreal/running/Content/StarterContent/Textures/T_Brick_Clay_New_M.uasset" 91
"../../../../../Documents/unreal/running/Content/StarterContent/Textures/T_Brick_Clay_New_N.uasset" 92
"../../../../../Documents/unreal/running/Content/StarterContent/Textures/T_Detail_Rocky_N.uasset" 93
"../../../../../Documents/unreal/running/Content/StarterContent/Textures/T_MacroVariation.uasset" 94
"../../../../../Documents/unreal/running/Content/StarterContent/Materials/M_Brick_Clay_New.uasset" 95
"../../../../../Documents/unreal/running/Content/StarterContent/Textures/T_Brick_Cut_Stone_D.uasset" 96
"../../../../../Documents/unreal/running/Content/StarterContent/Textures/T_Brick_Cut_Stone_N.uasset" 97
"../../../../../Documents/unreal/running/Content/StarterContent/Textures/T_Perlin_Noise_M.uasset" 98
"../../../../../Documents/unreal/running/Content/StarterContent/Materials/M_Brick_Cut_Stone.uasset" 99
"../../../../../Documents/unreal/running/Content/StarterContent/Textures/T_Brick_Hewn_Stone_D.uasset" 100
"../../../../../Documents/unreal/running/Content/StarterContent/Textures/T_Brick_Hewn_Stone_M.uasset" 101
"../../../../../Documents/unreal/running/Content/StarterContent/Textures/T_Brick_Hewn_Stone_N.uasset" 102
"../../../../../Documents/unreal/running/Content/StarterContent/Materials/M_Brick_Hewn_Stone.uasset" 103
"../../../../../Documents/unreal/running/Content/StarterContent/Textures/T_Ceramic_Tile_M.uasset" 104
"../../../../../Documents/unreal/running/Content/StarterContent/Textures/T_Ceramic_Tile_N.uasset" 105
"../../../../../Documents/unreal/running/Content/StarterContent/Textures/T_Rock_Marble_Polished_D.uasset" 106
"../../../../../Documents/unreal/running/Content/StarterContent/Materials/M_Ceramic_Tile_Checker.uasset" 107
"../../../../../Documents/unreal/running/Content/StarterContent/Textures/T_CobbleStone_Pebble_D.uasset" 108
"../../../../../Documents/unreal/running/Content/StarterContent/Textures/T_CobbleStone_Pebble_M.uasset" 109
"../../../../../Documents/unreal/running/Content/StarterContent/Textures/T_CobbleStone_Pebble_N.uasset" 110
"../../../../../Documents/unreal/running/Content/StarterContent/Materials/M_CobbleStone_Pebble.uasset" 111
"../../../../../Documents/unreal/running/Content/StarterContent/Textures/T_CobbleStone_Rough_D.uasset" 112
"../../../../../Documents/unreal/running/Content/StarterContent/Textures/T_CobbleStone_Rough_N.uasset" 113
"../../../../../Documents/unreal/running/Content/StarterContent/Textures/T_Gradinet_01.uasset" 114
"../../../../../Documents/unreal/running/Content/StarterContent/Textures/T_Rock_Smooth_Granite_D.uasset" 115
"../../../../../Documents/unreal/running/Content/StarterContent/Materials/M_CobbleStone_Rough.uasset" 116
"../../../../../Documents/unreal/running/Content/StarterContent/Textures/T_CobbleStone_Smooth_D.uasset" 117
"../../../../../Documents/unreal/running/Content/StarterContent/Textures/T_CobbleStone_Smooth_M.uasset" 118
"../../../../../Documents/unreal/running/Content/StarterContent/Textures/T_CobbleStone_Smooth_N.uasset" 119
"../../../../../Documents/unreal/running/Content/StarterContent/Materials/M_CobbleStone_Smooth.uasset" 120
"../../../Engine/Content/EditorMeshes/ColorCalibrator/T_ColorGrid.uasset" 121
"../../../../../Documents/unreal/running/Content/StarterContent/Materials/M_ColorGrid_LowSpec.uasset" 122
"../../../../../Documents/unreal/running/Content/StarterContent/Textures/T_Concrete_Grime_D.uasset" 123
"../../../../../Documents/unreal/running/Content/StarterContent/Textures/T_Metal_Rust_N.uasset" 124
"../../../../../Documents/unreal/running/Content/StarterContent/Materials/M_Concrete_Grime.uasset" 125
"../../../../../Documents/unreal/running/Content/StarterContent/Textures/T_Concrete_Panels_D.uasset" 126
"../../../../../Documents/unreal/running/Content/StarterContent/Textures/T_Concrete_Panels_N.uasset" 127
"../../../../../Documents/unreal/running/Content/StarterContent/Materials/M_Concrete_Panels.uasset" 128
"../../../../../Documents/unreal/running/Content/StarterContent/Textures/T_Concrete_Poured_D.uasset" 129
"../../../../../Documents/unreal/running/Content/StarterContent/Textures/T_Concrete_Poured_N.uasset" 130
"../../../../../Documents/unreal/running/Content/StarterContent/Materials/M_Concrete_Poured.uasset" 131
"../../../../../Documents/unreal/running/Content/StarterContent/Textures/T_Concrete_Tiles_D.uasset" 132
"../../../../../Documents/unreal/running/Content/StarterContent/Textures/T_Concrete_Tiles_M.uasset" 133
"../../../../../Documents/unreal/running/Content/StarterContent/Textures/T_Concrete_Tiles_N.uasset" 134
"../../../../../Documents/unreal/running/Content/StarterContent/Textures/T_Concrete_Tiles_Variation_M.uasset" 135
"../../../../../Documents/unreal/running/Content/StarterContent/Materials/M_Concrete_Tiles.uasset" 136
"../../../../../Documents/unreal/running/Content/StarterContent/Textures/T_Ground_Grass_D.uasset" 137
"../../../../../Documents/unreal/running/Content/StarterContent/Textures/T_Ground_Grass_N.uasset" 138
"../../../../../Documents/unreal/running/Content/StarterContent/Materials/M_Ground_Grass.uasset" 139
"../../../../../Documents/unreal/running/Content/StarterContent/Textures/T_Ground_Gravel_D.uasset" 140
"../../../../../Documents/unreal/running/Content/StarterContent/Textures/T_Ground_Gravel_N.uasset" 141
"../../../../../Documents/unreal/running/Content/StarterContent/Materials/M_Ground_Gravel.uasset" 142
"../../../../../Documents/unreal/running/Content/StarterContent/Textures/T_ground_Moss_D.uasset" 143
"../../../../../Documents/unreal/running/Content/StarterContent/Textures/T_Ground_Moss_N.uasset" 144
"../../../../../Documents/unreal/running/Content/StarterContent/Materials/M_Ground_Moss.uasset" 145
"../../../../../Documents/unreal/running/Content/StarterContent/Materials/M_Metal_Brushed_Nickel.uasset" 146
"../../../../../Documents/unreal/running/Content/StarterContent/Textures/T_Metal_Aluminum_D.uasset" 147
"../../../../../Documents/unreal/running/Content/StarterContent/Textures/T_Metal_Gold_N.uasset" 148
"../../../../../Documents/unreal/running/Content/StarterContent/Materials/M_Metal_Burnished_Steel.uasset" 149
"../../../../../Documents/unreal/running/Content/StarterContent/Materials/M_Metal_Chrome.uasset" 150
"../../../../../Documents/unreal/running/Content/StarterContent/Textures/T_Metal_Copper_D.uasset" 151
"../../../../../Documents/unreal/running/Content/StarterContent/Materials/M_Metal_Copper.uasset" 152
"../../../Engine/Content/Functions/Engine_MaterialFunctions02/Utility/BlendAngleCorrectedNormals.uasset" 153
"../../../../../Documents/unreal/running/Content/StarterContent/Textures/T_Metal_Rust_D.uasset" 154
"../../../../../Documents/unreal/running/Content/StarterContent/Materials/M_Metal_Rust.uasset" 155
"../../../../../Documents/unreal/running/Content/StarterContent/Textures/T_Metal_Steel_D.uasset" 156
"../../../../../Documents/unreal/running/Content/StarterContent/Textures/T_Metal_Steel_N.uasset" 157
"../../../../../Documents/unreal/running/Content/StarterContent/Materials/M_Metal_Steel.uasset" 158
"../../../../../Documents/unreal/running/Content/StarterContent/Textures/T_Rock_Basalt_D.uasset" 159
"../../../../../Documents/unreal/running/Content/StarterContent/Textures/T_Rock_Basalt_N.uasset" 160
"../../../../../Documents/unreal/running/Content/StarterContent/Materials/M_Rock_Basalt.uasset" 161
"../../../../../Documents/unreal/running/Content/StarterContent/Materials/M_Rock_Marble_Polished.uasset" 162
"../../../../../Documents/unreal/running/Content/StarterContent/Textures/T_Rock_Sandstone_D.uasset" 163
"../../../../../Documents/unreal/running/Content/StarterContent/Textures/T_Rock_Sandstone_N.uasset" 164
"../../../../../Documents/unreal/running/Content/StarterContent/Materials/M_Rock_Sandstone.uasset" 165
"../../../../../Documents/unreal/running/Content/StarterContent/Textures/T_Rock_Slate_D.uasset" 166
"../../../../../Documents/unreal/running/Content/StarterContent/Textures/T_Rock_Slate_N.uasset" 167
"../../../../../Documents/unreal/running/Content/StarterContent/Materials/M_Rock_Slate.uasset" 168
"../../../../../Documents/unreal/running/Content/StarterContent/Textures/T_Checker_Noise_M.uasset" 169
"../../../../../Documents/unreal/running/Content/StarterContent/Textures/T_Single_Tile_N.uasset" 170
"../../../../../Documents/unreal/running/Content/StarterContent/Textures/T_Tech_Dot_M.uasset" 171
"../../../../../Documents/unreal/running/Content/StarterContent/Textures/T_Tech_Dot_N.uasset" 172
"../../../../../Documents/unreal/running/Content/StarterContent/Materials/M_Tech_Checker_Dot.uasset" 173
"../../../../../Documents/unreal/running/Content/StarterContent/Textures/T_Tech_Hex_Tile_M.uasset" 174
"../../../../../Documents/unreal/running/Content/StarterContent/Textures/T_Tech_Hex_Tile_N.uasset" 175
"../../../../../Documents/unreal/running/Content/StarterContent/Materials/M_Tech_Hex_Tile.uasset" 176
"../../../../../Documents/unreal/running/Content/StarterContent/Materials/M_Tech_Hex_Tile_Pulse.uasset" 177
"../../../../../Documents/unreal/running/Content/StarterContent/Textures/T_Tech_Panel_M.uasset" 178
"../../../../../Documents/unreal/running/Content/StarterContent/Textures/T_Tech_Panel_N.uasset" 179
"../../../../../Documents/unreal/running/Content/StarterContent/Materials/M_Tech_Panel.uasset" 180
"../../../../../Documents/unreal/running/Content/StarterContent/Materials/M_Water_Lake.uasset" 181
"../../../../../Documents/unreal/running/Content/StarterContent/Textures/T_Water_M.uasset" 182
"../../../../../Documents/unreal/running/Content/StarterContent/Materials/M_Water_Ocean.uasset" 183
"../../../../../Documents/unreal/running/Content/StarterContent/Textures/T_Wood_Floor_Walnut_D.uasset" 184
"../../../../../Documents/unreal/running/Content/StarterContent/Textures/T_Wood_Floor_Walnut_M.uasset" 185
"../../../../../Documents/unreal/running/Content/StarterContent/Textures/T_Wood_Floor_Walnut_N.uasset" 186
"../../../../../Documents/unreal/running/Content/StarterContent/Materials/M_Wood_Floor_Walnut_Polished.uasset" 187
"../../../Engine/Content/Functions/Engine_MaterialFunctions01/Opacity/AlphaOffset.uasset" 188
"../../../../../Documents/unreal/running/Content/StarterContent/Materials/M_Wood_Floor_Walnut_Worn.uasset" 189
"../../../../../Documents/unreal/running/Content/StarterContent/Textures/T_Wood_Oak_D.uasset" 190
"../../../../../Documents/unreal/running/Content/StarterContent/Textures/T_Wood_Oak_N.uasset" 191
"../../../../../Documents/unreal/running/Content/StarterContent/Materials/M_Wood_Oak.uasset" 192
"../../../../../Documents/unreal/running/Content/StarterContent/Textures/T_Wood_Pine_D.uasset" 193
"../../../../../Documents/unreal/running/Content/StarterContent/Textures/T_Wood_Pine_N.uasset" 194
"../../../../../Documents/unreal/running/Content/StarterContent/Materials/M_Wood_Pine.uasset" 195
"../../../../../Documents/unreal/running/Content/StarterContent/Textures/T_Wood_Walnut_D.uasset" 196
"../../../../../Documents/unreal/running/Content/StarterContent/Textures/T_Wood_Walnut_N.uasset" 197
"../../../../../Documents/unreal/running/Content/StarterContent/Materials/M_Wood_Walnut.uasset" 198
"../../../../../Documents/unreal/running/Content/StarterContent/Textures/T_Dust_Particle_D.uasset" 199
"../../../../../Documents/unreal/running/Content/StarterContent/Particles/Materials/M_Dust_Particle.uasset" 200
"../../../../../Documents/unreal/running/Content/StarterContent/Particles/P_Ambient_Dust.uasset" 201
"../../../../../Documents/unreal/running/Content/StarterContent/Props/MaterialSphere.uasset" 202
"../../../../../Documents/unreal/running/Content/StarterContent/Textures/T_Bush_D.uasset" 203
"../../../../../Documents/unreal/running/Content/StarterContent/Textures/T_Bush_N.uasset" 204
"../../../../../Documents/unreal/running/Content/StarterContent/Props/Materials/M_Bush.uasset" 205
"../../../../../Documents/unreal/running/Content/StarterContent/Props/SM_Bush.uasset" 206
"../../../../../Documents/unreal/running/Content/StarterContent/Textures/T_Chair_M.uasset" 207
"../../../../../Documents/unreal/running/Content/StarterContent/Textures/T_Chair_N.uasset" 208
"../../../../../Documents/unreal/running/Content/StarterContent/Props/Materials/M_Chair.uasset" 209
"../../../../../Documents/unreal/running/Content/StarterContent/Props/SM_Chair.uasset" 210
"../../../../../Documents/unreal/running/Content/StarterContent/Textures/T_Frame_M.uasset" 211
"../../../../../Documents/unreal/running/Content/StarterContent/Textures/T_Frame_N.uasset" 212
"../../../../../Documents/unreal/running/Content/StarterContent/Props/Materials/M_Frame.uasset" 213
"../../../../../Documents/unreal/running/Content/StarterContent/Props/SM_CornerFrame.uasset" 214
"../../../../../Documents/unreal/running/Content/StarterContent/Props/SM_Couch.uasset" 215
"../../../../../Documents/unreal/running/Content/StarterContent/Materials/M_Glass.uasset" 216
"../../../../../Documents/unreal/running/Content/StarterContent/Textures/T_Door_M.uasset" 217
"../../../../../Documents/unreal/running/Content/StarterContent/Textures/T_Door_N.uasset" 218
"../../../../../Documents/unreal/running/Content/StarterContent/Props/Materials/M_Door.uasset" 219
"../../../../../Documents/unreal/running/Content/StarterContent/Props/SM_Door.uasset" 220
"../../../../../Documents/unreal/running/Content/StarterContent/Props/SM_DoorFrame.uasset" 221
"../../../../../Documents/unreal/running/Content/StarterContent/Props/SM_GlassWindow.uasset" 222
"../../../../../Documents/unreal/running/Content/StarterContent/Props/Materials/M_MaterialSphere.uasset" 223
"../../../../../Documents/unreal/running/Content/StarterContent/Props/Materials/M_MaterialSphere_Plain.uasset" 224
"../../../../../Documents/unreal/running/Content/StarterContent/Props/SM_MatPreviewMesh_02.uasset" 225
"../../../../../Documents/unreal/running/Content/StarterContent/Props/SM_PillarFrame.uasset" 226
"../../../../../Documents/unreal/running/Content/StarterContent/Props/SM_PillarFrame300.uasset" 227
"../../../../../Documents/unreal/running/Content/StarterContent/Textures/T_Shelf_M.uasset" 228
"../../../../../Documents/unreal/running/Content/StarterContent/Textures/T_Shelf_N.uasset" 229
"../../../../../Documents/unreal/running/Content/StarterContent/Props/Materials/M_Shelf.uasset" 230
"../../../../../Documents/unreal/running/Content/StarterContent/Props/SM_Shelf.uasset" 231
"../../../../../Documents/unreal/running/Content/StarterContent/Props/SM_Stairs.uasset" 232
"../../../../../Documents/unreal/running/Content/StarterContent/Textures/T_Statue_M.uasset" 233
"../../../../../Documents/unreal/running/Content/StarterContent/Textures/T_Statue_N.uasset" 234
"../../../../../Documents/unreal/running/Content/StarterContent/Props/Materials/M_Statue.uasset" 235
"../../../../../Documents/unreal/running/Content/StarterContent/Props/Materials/M_StatueGlass.uasset" 236
"../../../../../Documents/unreal/running/Content/StarterContent/Props/SM_Statue.uasset" 237
"../../../../../Documents/unreal/running/Content/StarterContent/Textures/T_TableRound_M.uasset" 238
"../../../../../Documents/unreal/running/Content/StarterContent/Textures/T_TableRound_N.uasset" 239
"../../../../../Documents/unreal/running/Content/StarterContent/Props/Materials/M_TableRound.uasset" 240
"../../../../../Documents/unreal/running/Content/StarterContent/Props/SM_TableRound.uasset" 241
"../../../../../Documents/unreal/running/Content/StarterContent/Props/SM_WindowFrame.uasset" 242
"../../../../../Documents/unreal/running/Content/StarterContent/Shapes/Shape_Cone.uasset" 243
"../../../../../Documents/unreal/running/Content/StarterContent/Shapes/Shape_Cube.uasset" 244
"../../../../../Documents/unreal/running/Content/StarterContent/Shapes/Shape_NarrowCapsule.uasset" 245
"../../../../../Documents/unreal/running/Content/StarterContent/Shapes/Shape_Pipe.uasset" 246
"../../../../../Documents/unreal/running/Content/StarterContent/Shapes/Shape_Pipe_180.uasset" 247
"../../../../../Documents/unreal/running/Content/StarterContent/Shapes/Shape_Pipe_90.uasset" 248
"../../../../../Documents/unreal/running/Content/StarterContent/Shapes/Shape_Plane.uasset" 249
"../../../../../Documents/unreal/running/Content/StarterContent/Shapes/Shape_QuadPyramid.uasset" 250
"../../../../../Documents/unreal/running/Content/StarterContent/Shapes/Shape_Sphere.uasset" 251
"../../../../../Documents/unreal/running/Content/StarterContent/Shapes/Shape_Trim.uasset" 252
"../../../../../Documents/unreal/running/Content/StarterContent/Shapes/Shape_Trim_90_In.uasset" 253
"../../../../../Documents/unreal/running/Content/StarterContent/Shapes/Shape_Trim_90_Out.uasset" 254
"../../../../../Documents/unreal/running/Content/StarterContent/Shapes/Shape_TriPyramid.uasset" 255
"../../../../../Documents/unreal/running/Content/StarterContent/Shapes/Shape_Tube.uasset" 256
"../../../../../Documents/unreal/running/Content/StarterContent/Shapes/Shape_Wedge_A.uasset" 257
"../../../../../Documents/unreal/running/Content/StarterContent/Shapes/Shape_WideCapsule.uasset" 258
"../../../Engine/Content/ArtTools/RenderToTexture/Meshes/S_1_Unit_Plane.uasset" 259
"../../../Engine/Content/EngineMaterials/DefaultMaterial.uasset" 260
"../../../Engine/Content/BasicShapes/Cone.uasset" 261
"../../../Engine/Content/BasicShapes/Cylinder.uasset" 262
"../../../Engine/Content/BasicShapes/Plane.uasset" 263
"../../../Engine/Content/BasicShapes/Sphere.uasset" 264
"../../../Engine/Content/EditorLandscapeResources/DataLayer.uasset" 265
"../../../Engine/Content/EditorMaterials/GizmoMaterial.uasset" 266
"../../../Engine/Content/EditorMaterials/MAT_Groups_Toggle.uasset" 267
"../../../Engine/Content/EditorMaterials/MAT_Groups_Visibility.uasset" 268
"../../../Engine/Content/EditorMaterials/PreviewShadowIndicator.uasset" 269
"../../../Engine/Content/EditorMaterials/PreviewShadowIndicatorMaterial.uasset" 270
"../../../Engine/Content/EditorMaterials/MatineeGroups/MAT_ColorTrack.uasset" 271
"../../../Engine/Content/EditorMaterials/MatineeGroups/MAT_Groups_Anim.uasset" 272
"../../../Engine/Content/EditorMaterials/MatineeGroups/MAT_Groups_AudioMaster.uasset" 273
"../../../Engine/Content/EditorMaterials/MatineeGroups/MAT_Groups_Director.uasset" 274
"../../../Engine/Content/EditorMaterials/MatineeGroups/MAT_Groups_Event.uasset" 275
"../../../Engine/Content/EditorMaterials/MatineeGroups/MAT_Groups_Fade.uasset" 276
"../../../Engine/Content/EditorMaterials/MatineeGroups/MAT_Groups_Float.uasset" 277
"../../../Engine/Content/EditorMaterials/MatineeGroups/MAT_Groups_Move.uasset" 278
"../../../Engine/Content/EditorMaterials/MatineeGroups/MAT_Groups_Slomo.uasset" 279
"../../../Engine/Content/EditorMaterials/MatineeGroups/MAT_Groups_Sound.uasset" 280
"../../../Engine/Content/EditorMaterials/MatineeGroups/MAT_Groups_Vector.uasset" 281
"../../../Engine/Content/EditorMaterials/ParticleSystems/PSysThumbnail_NoImage.uasset" 282
"../../../Engine/Content/EditorMaterials/ParticleSystems/PSysThumbnail_OOD.uasset" 283
"../../../Engine/Content/EditorMaterials/Camera/CineMat.uasset" 284
"../../../Engine/Content/EditorMaterials/Camera/MI_CineMat_Rig.uasset" 285
"../../../Engine/Content/EditorMeshes/Camera/SM_CraneRig_Arm.uasset" 286
"../../../Engine/Content/EditorMeshes/Camera/SM_CraneRig_Base.uasset" 287
"../../../Engine/Content/EditorMeshes/Camera/SM_CraneRig_Body.uasset" 288
"../../../Engine/Content/EditorMeshes/Camera/SM_CraneRig_Mount.uasset" 289
"../../../Engine/Content/EditorMeshes/Camera/SM_RailRig_Mount.uasset" 290
"../../../Engine/Content/EditorMeshes/Camera/SM_RailRig_Track.uasset" 291
"../../../Engine/Content/EditorResources/BSPVertex.uasset" 292
"../../../Engine/Content/EditorResources/EmptyActor.uasset" 293
"../../../Engine/Content/EditorResources/S_Actor.uasset" 294
"../../../Engine/Content/EditorResources/S_Trigger.uasset" 295
"../../../Engine/Content/EditorResources/LightIcons/S_LightError.uasset" 296
"../../../Engine/Content/EditorResources/SequenceRecorder/Countdown.uasset" 297
"../../../Engine/Content/EditorResources/SequenceRecorder/RecordingIndicator.uasset" 298
"../../../Engine/Content/EditorSounds/Notifications/CompileFailed.uasset" 299
"../../../Engine/Content/EditorSounds/Notifications/CompileFailed_Cue.uasset" 300
"../../../Engine/Content/EditorSounds/Notifications/CompileSuccess.uasset" 301
"../../../Engine/Content/EditorSounds/Notifications/CompileStart_Cue.uasset" 302
"../../../Engine/Content/EditorSounds/Notifications/CompileSuccess_Cue.uasset" 303
"../../../Engine/Content/EngineDamageTypes/DmgTypeBP_Environmental.uasset" 304
"../../../Engine/Content/EngineDebugMaterials/HeatmapGradient.uasset" 305
"../../../Engine/Content/EngineDebugMaterials/BoneWeightMaterial.uasset" 306
"../../../Engine/Content/EngineDebugMaterials/ClothMaterial.uasset" 307
"../../../Engine/Content/EngineDebugMaterials/ClothMaterial_WF.uasset" 308
"../../../Engine/Content/EngineDebugMaterials/DebugEditorMaterial.uasset" 309
"../../../Engine/Content/EngineDebugMaterials/DebugMeshMaterial.uasset" 310
"../../../Engine/Content/EngineDebugMaterials/GeomMaterial.uasset" 311
"../../../Engine/Content/EngineDebugMaterials/M_SimpleTranslucent.uasset" 312
"../../../Engine/Content/EngineFonts/Faces/RobotoBold.uasset" 313
"../../../Engine/Content/EngineFonts/Faces/RobotoBoldItalic.uasset" 314
"../../../Engine/Content/EngineFonts/Faces/RobotoItalic.uasset" 315
"../../../Engine/Content/EngineFonts/Faces/RobotoLight.uasset" 316
"../../../Engine/Content/EngineFonts/Faces/RobotoRegular.uasset" 317
"../../../Engine/Content/EngineFonts/Roboto.uasset" 318
"../../../Engine/Content/EngineFonts/Faces/RobotoTiny.uasset" 319
"../../../Engine/Content/EngineFonts/RobotoTiny.uasset" 320
"../../../Engine/Content/EngineMaterials/BaseFlattenDiffuseMap.uasset" 321
"../../../Engine/Content/EngineMaterials/BaseFlattenEmissiveMap.uasset" 322
"../../../Engine/Content/EngineMaterials/BaseFlattenGrayscaleMap.uasset" 323
"../../../Engine/Content/EngineMaterials/BaseFlattenNormalMap.uasset" 324
"../../../Engine/Content/EngineMaterials/BaseFlattenMaterial.uasset" 325
"../../../Engine/Content/EngineMaterials/DefaultBloomKernel.uasset" 326
"../../../Engine/Content/EngineMaterials/DefaultBokeh.uasset" 327
"../../../Engine/Content/EngineMaterials/DefaultDiffuse.uasset" 328
"../../../Engine/Content/EngineMaterials/DefaultDeferredDecalMaterial.uasset" 329
"../../../Engine/Content/EngineMaterials/DefaultLightFunctionMaterial.uasset" 330
"../../../Engine/Content/EngineMaterials/DefaultPhysicalMaterial.uasset" 331
"../../../Engine/Content/Functions/Engine_MaterialFunctions02/Utility/BreakOutFloat2Components.uasset" 332
"../../../Engine/Content/EngineMaterials/DefaultPostProcessMaterial.uasset" 333
"../../../Engine/Content/EngineFonts/RobotoDistanceField.uasset" 334
"../../../Engine/Content/EngineMaterials/DefaultTextMaterialOpaque.uasset" 335
"../../../Engine/Content/EngineMaterials/DefaultWhiteGrid.uasset" 336
"../../../Engine/Content/EngineMaterials/EditorBrushMaterial.uasset" 337
"../../../Engine/Content/EngineMaterials/Good64x64TilingNoiseHighFreq.uasset" 338
"../../../Engine/Content/EngineMaterials/MiniFont.uasset" 339
"../../../Engine/Content/EngineMaterials/InvalidLightmapSettings.uasset" 340
"../../../Engine/Content/EngineMaterials/M_InvalidLightmapSettings.uasset" 341
"../../../Engine/Content/Functions/Engine_MaterialFunctions02/WorldPositionOffset/CameraOffset.uasset" 342
"../../../Engine/Content/EngineMaterials/PhAT_JointLimitMaterial.uasset" 343
"../../../Engine/Content/EngineMaterials/PreintegratedSkinBRDF.uasset" 344
"../../../Engine/Content/EngineMaterials/RemoveSurfaceMaterial.uasset" 345
"../../../Engine/Content/EngineMaterials/WeightMapPlaceholderTexture.uasset" 346
"../../../Engine/Content/EngineResources/WhiteSquareTexture.uasset" 347
"../../../Engine/Content/EngineMaterials/Widget3DPassThrough.uasset" 348
"../../../Engine/Content/EngineMaterials/Widget3DPassThrough_Masked.uasset" 349
"../../../Engine/Content/EngineMaterials/Widget3DPassThrough_Opaque.uasset" 350
"../../../Engine/Content/EngineMaterials/Widget3DPassThrough_Masked_OneSided.uasset" 351
"../../../Engine/Content/EngineMaterials/Widget3DPassThrough_Opaque_OneSided.uasset" 352
"../../../Engine/Content/EngineMaterials/Widget3DPassThrough_Translucent.uasset" 353
"../../../Engine/Content/EngineMaterials/Widget3DPassThrough_Translucent_OneSided.uasset" 354
"../../../Engine/Content/EngineMeshes/Cylinder.uasset" 355
"../../../Engine/Content/EngineMeshes/Sphere.uasset" 356
"../../../Engine/Content/EngineResources/Black.uasset" 357
"../../../Engine/Content/EngineResources/DefaultTexture.uasset" 358
"../../../Engine/Content/EngineResources/DefaultTextureCube.uasset" 359
"../../../Engine/Content/EngineResources/DefaultVolumeTexture2D.uasset" 360
"../../../Engine/Content/EngineResources/DefaultVolumeTexture.uasset" 361
"../../../Engine/Content/EngineResources/GradientTexture0.uasset" 362
"../../../Engine/Content/EngineSounds/Master.uasset" 363
"../../../Engine/Content/Functions/Engine_MaterialFunctions01/Shading/ConvertFromDiffSpec.uasset" 364
"../../../Engine/Content/Functions/Engine_MaterialFunctions01/Shading/PowerToRoughness.uasset" 365
"../../../Engine/Content/Maps/Templates/Thumbnails/Default.uasset" 366
"../../../Engine/Content/Maps/Templates/Thumbnails/VR-Basic.uasset" 367
"../../../Engine/Content/MobileResources/T_MobileControls_texture.uasset" 368
"../../../Engine/Content/MobileResources/T_MobileMenu2.uasset" 369
"../../../Engine/Content/MobileResources/HUD/AnalogHat.uasset" 370
"../../../Engine/Content/MobileResources/HUD/VirtualJoystick_Background.uasset" 371
"../../../Engine/Content/MobileResources/HUD/VirtualJoystick_Thumb.uasset" 372
"../../../Engine/Content/MobileResources/HUD/DefaultVirtualJoysticks.uasset" 373
"../../../Engine/Content/MobileResources/HUD/LeftVirtualJoystickOnly.uasset" 374
"../../../Engine/Content/MobileResources/HUD/MobileHUDButton1_off.uasset" 375
"../../../Engine/Content/MobileResources/HUD/MobileHUDButton1_on.uasset" 376
"../../../Engine/Content/MobileResources/HUD/MobileHUDButton2_off.uasset" 377
"../../../Engine/Content/MobileResources/HUD/MobileHUDButton2_on.uasset" 378
"../../../Engine/Content/MobileResources/HUD/MobileHUDButton3.uasset" 379
"../../../Engine/Content/MobileResources/HUD/MobileHUDButtonFire.uasset" 380
"../../../Engine/Content/MobileResources/HUD/MobileHUDDirectionPad.uasset" 381
"../../../Engine/Content/MobileResources/HUD/MobileHUDDirectionPad2.uasset" 382
"../../../Engine/Content/MobileResources/HUD/MobileHUDDirectionPad3.uasset" 383
"../../../Engine/Content/MobileResources/HUD/MobileHUDDirectionStick.uasset" 384
"../../../Engine/Content/MobileResources/HUD/T_Castle_ThumbstickInner.uasset" 385
"../../../Engine/Content/MobileResources/HUD/T_Castle_ThumbstickOutter.uasset" 386
"../../../Engine/Content/Tutorial/ContentIntroCurve.uasset" 387
"../../../Engine/Content/Tutorial/Basics/TutorialAssets/icon_tab_Levels_40x.uasset" 388
"../../../Engine/Content/VREditor/LaserPointer/VR_LaserPower_01.uasset" 389
"../../../Engine/Content/VREditor/TransformGizmo/TransformGizmoMaterial.uasset" 390
"../../../Engine/Content/VREditor/TransformGizmo/TranslucentTransformGizmoMaterial.uasset" 391
"../../../Engine/Content/VREditor/TransformGizmo/BoundingBoxCorner.uasset" 392
"../../../Engine/Content/VREditor/TransformGizmo/BoundingBoxEdge.uasset" 393
"../../../Engine/Content/VREditor/TransformGizmo/PlaneTranslationHandle.uasset" 394
"../../../Engine/Content/VREditor/TransformGizmo/Main.uasset" 395
"../../../Engine/Content/VREditor/TransformGizmo/Xray.uasset" 396
"../../../Engine/Content/VREditor/TransformGizmo/SM_Sequencer_Key.uasset" 397
"../../../Engine/Content/VREditor/TransformGizmo/SM_Sequencer_Node.uasset" 398
"../../Plugins/2D/Paper2D/Content/PlaceholderTextures/DummySpriteTexture.uasset" 399
"../../Plugins/2D/Paper2D/Content/DummySprite.uasset" 400
"../../Plugins/2D/Paper2D/Content/DefaultPaperTerrainMaterial.uasset" 401
"../../Plugins/2D/Paper2D/Content/DefaultSpriteMaterial.uasset" 402
"../../Plugins/2D/Paper2D/Content/MaskedUnlitSpriteMaterial.uasset" 403
"../../Plugins/2D/Paper2D/Content/OpaqueUnlitSpriteMaterial.uasset" 404
"../../Plugins/Runtime/Oculus/OculusVR/Content/Materials/PokeAHoleMaterial.uasset" 405
"../../Plugins/Runtime/Oculus/OculusVR/Content/Textures/GearVRController_AO.uasset" 406
"../../Plugins/Runtime/Oculus/OculusVR/Content/Textures/GearVRController_Color.uasset" 407
"../../Plugins/Runtime/Oculus/OculusVR/Content/Textures/GearVRController_Normal.uasset" 408
"../../Plugins/Runtime/Oculus/OculusVR/Content/Materials/GearVRControllerMaterial.uasset" 409
"../../Plugins/Runtime/Oculus/OculusVR/Content/Meshes/GearVrController.uasset" 410
"../../Plugins/Runtime/Oculus/OculusVR/Content/Textures/touchController_albedo.uasset" 411
"../../Plugins/Runtime/Oculus/OculusVR/Content/Textures/touchController_controlmap.uasset" 412
"../../Plugins/Runtime/Oculus/OculusVR/Content/Materials/touchController_mat.uasset" 413
"../../Plugins/Runtime/Oculus/OculusVR/Content/Meshes/LeftTouchController.uasset" 414
"../../Plugins/Runtime/Oculus/OculusVR/Content/Meshes/RiftHMD.uasset" 415
"../../Plugins/Runtime/Oculus/OculusVR/Content/Meshes/RightTouchController.uasset" 416
"../../../../../Documents/unreal/running/Content/runner.umap" 417
"../../../../../Documents/unreal/running/Content/Mannequin/Animations/ThirdPerson_Jump.uasset" 418
"../../../../../Documents/unreal/running/Content/Mannequin/Animations/ThirdPersonJump_Loop.uasset" 419
"../../../../../Documents/unreal/running/Content/Mannequin/Animations/ThirdPersonJump_Start.uasset" 420
"../../../../../Documents/unreal/running/Content/Mannequin/Animations/ThirdPersonIdle.uasset" 421
"../../../../../Documents/unreal/running/Content/Mannequin/Animations/ThirdPersonRun.uasset" 422
"../../../../../Documents/unreal/running/Content/Mannequin/Animations/ThirdPersonWalk.uasset" 423
"../../../../../Documents/unreal/running/Content/Mannequin/Animations/ThirdPerson_IdleRun_2D.uasset" 424
"../../../Engine/Content/EditorBlueprintResources/StandardMacros.uasset" 425
"../../../../../Documents/unreal/running/Content/Mannequin/Animations/ThirdPerson_AnimBP.uasset" 426
"../../../Engine/Content/Functions/MaterialLayerFunctions/MatLayerBlend_NormalBlend.uasset" 427
"../../../Engine/Content/Functions/MaterialLayerFunctions/MatLayerBlend_Simple.uasset" 428
"../../../../../Documents/unreal/running/Content/Mannequin/Character/Materials/MaterialLayers/T_ML_Rubber_Blue_01_D.uasset" 429
"../../../../../Documents/unreal/running/Content/Mannequin/Character/Materials/MaterialLayers/T_ML_Rubber_Blue_01_N.uasset" 430
"../../../../../Documents/unreal/running/Content/Mannequin/Character/Materials/MaterialLayers/ML_GlossyBlack_Latex_UE4.uasset" 431
"../../../../../Documents/unreal/running/Content/Mannequin/Character/Materials/MaterialLayers/ML_Plastic_Shiny_Beige.uasset" 432
"../../../../../Documents/unreal/running/Content/Mannequin/Character/Textures/UE4_LOGO_CARD.uasset" 433
"../../../../../Documents/unreal/running/Content/Mannequin/Character/Materials/MaterialLayers/ML_Plastic_Shiny_Beige_LOGO.uasset" 434
"../../../../../Documents/unreal/running/Content/Mannequin/Character/Materials/MaterialLayers/T_ML_Aluminum01.uasset" 435
"../../../../../Documents/unreal/running/Content/Mannequin/Character/Materials/MaterialLayers/T_ML_Aluminum01_N.uasset" 436
"../../../../../Documents/unreal/running/Content/Mannequin/Character/Materials/MaterialLayers/ML_SoftMetal_UE4.uasset" 437
"../../../../../Documents/unreal/running/Content/Mannequin/Character/Textures/UE4_Mannequin__normals.uasset" 438
"../../../../../Documents/unreal/running/Content/Mannequin/Character/Textures/UE4_Mannequin_MAT_MASKA.uasset" 439
"../../../../../Documents/unreal/running/Content/Mannequin/Character/Materials/M_UE4Man_Body.uasset" 440
"../../../../../Documents/unreal/running/Content/Mannequin/Character/Textures/UE4Man_Logo_N.uasset" 441
"../../../../../Documents/unreal/running/Content/Mannequin/Character/Materials/M_UE4Man_ChestLogo.uasset" 442
"../../../../../Documents/unreal/running/Content/Mannequin/Character/Mesh/SK_Mannequin_PhysicsAsset.uasset" 443
"../../../../../Documents/unreal/running/Content/Mannequin/Character/Mesh/SK_Mannequin.uasset" 444
"../../../../../Documents/unreal/running/Content/StarterContent/Audio/Explosion01.uasset" 445
"../../../../../Documents/unreal/running/Content/ThirdPersonBP/Blueprints/ThirdPersonCharacter.uasset" 446
"../../../Engine/Content/EngineSky/C_Sky_Cloud_Color.uasset" 447
"../../../Engine/Content/EngineSky/C_Sky_Horizon_Color.uasset" 448
"../../../Engine/Content/EngineSky/C_Sky_Zenith_Color.uasset" 449
"../../../Engine/Content/EngineSky/T_Sky_Blue.uasset" 450
"../../../Engine/Content/EngineSky/T_Sky_Clouds_M.uasset" 451
"../../../Engine/Content/EngineSky/T_Sky_Stars.uasset" 452
"../../../Engine/Content/EngineSky/M_Sky_Panning_Clouds2.uasset" 453
"../../../Engine/Content/EngineSky/SM_SkySphere.uasset" 454
"../../../Engine/Content/EngineSky/BP_Sky_Sphere.uasset" 455
"../../../../../Documents/unreal/running/Content/ThirdPersonBP/Maps/ThirdPersonExampleMap_BuiltData.uasset" 456
"../../../../../Documents/unreal/running/Content/Geometry/Meshes/CubeMaterial.uasset" 457
"../../../../../Documents/unreal/running/Content/Geometry/Meshes/1M_Cube.uasset" 458
"../../../../../Documents/unreal/running/Content/Geometry/Meshes/1M_Cube_Chamfer.uasset" 459
"../../../../../Documents/unreal/running/Content/Geometry/Meshes/TemplateFloor.uasset" 460
"../../../../../Documents/unreal/running/Content/ThirdPerson/Meshes/RampMaterial.uasset" 461
"../../../../../Documents/unreal/running/Content/ThirdPerson/Meshes/Bump_StaticMesh.uasset" 462
"../../../../../Documents/unreal/running/Content/ThirdPerson/Meshes/LeftArm_StaticMesh.uasset" 463
"../../../../../Documents/unreal/running/Content/ThirdPerson/Meshes/Linear_Stair_StaticMesh.uasset" 464
"../../../../../Documents/unreal/running/Content/ThirdPerson/Meshes/Ramp_StaticMesh.uasset" 465
"../../../../../Documents/unreal/running/Content/ThirdPerson/Meshes/RightArm_StaticMesh.uasset" 466
"../../../../../Documents/unreal/running/Content/ThirdPersonBP/Maps/ThirdPersonExampleMap.umap" 467
"../../../Engine/Content/Maps/Entry_BuiltData.uasset" 468
"../../../Engine/Content/Maps/Entry.umap" 469
